1521118264646	geckodriver	INFO	geckodriver 0.20.0
1521118264654	geckodriver	INFO	Listening on 127.0.0.1:20677
1521118265207	mozrunner::runner	INFO	Running command: "C:\\Program Files\\Mozilla Firefox\\firefox.exe" "-marionette" "-profile" "C:\\Users\\Administrator\\AppData\\Local\\Temp\\rust_mozprofile.tCw8HLtRikDr"
1521118266346	Marionette	INFO	Enabled via --marionette
1521118269018	Marionette	INFO	Listening on port 20682
1521118269562	Marionette	WARN	TLS certificate errors will be ignored for this session
Unable to read VR Path Registry from C:\Users\Administrator\AppData\Local\openvr\openvrpaths.vrpath
JavaScript warning: https://cdn-assets-ssl.gn100.com/assets_v2/js/common/common.js?ver=562, line 289: unreachable code after return statement
JavaScript warning: https://cdn-assets-ssl.gn100.com/assets_v2/js/common/common.js?ver=562, line 289: unreachable code after return statement
JavaScript warning: https://cdn-assets-ssl.gn100.com/assets_v2/js/jquery/jquery.so.js?ver=562, line 21: unreachable code after return statement
Unable to read VR Path Registry from C:\Users\Administrator\AppData\Local\openvr\openvrpaths.vrpath
[Child 1812, Chrome_ChildThread] WARNING: pipe error: 109: file z:/build/build/src/ipc/chromium/src/chrome/common/ipc_channel_win.cc, line 346
[Child 10748, Chrome_ChildThread] WARNING: pipe error: 109: file z:/build/build/src/ipc/chromium/src/chrome/common/ipc_channel_win.cc, line 346
*** UTM:SVC TimerManager:registerTimer called after profile-before-change notification. Ignoring timer registration for id: telemetry_modules_ping

###!!! [Child][MessageChannel::SendAndWait] Error: Channel error: cannot send/recv

Unable to read VR Path Registry from C:\Users\Administrator\AppData\Local\openvr\openvrpaths.vrpath
1521118299147	geckodriver	INFO	geckodriver 0.20.0
1521118299155	geckodriver	INFO	Listening on 127.0.0.1:20766
1521118299691	mozrunner::runner	INFO	Running command: "C:\\Program Files\\Mozilla Firefox\\firefox.exe" "-marionette" "-profile" "C:\\Users\\Administrator\\AppData\\Local\\Temp\\rust_mozprofile.RQqIzZTYATCj"
1521118300480	Marionette	INFO	Enabled via --marionette
1521118303154	Marionette	INFO	Listening on port 20771
1521118303908	Marionette	WARN	TLS certificate errors will be ignored for this session
Unable to read VR Path Registry from C:\Users\Administrator\AppData\Local\openvr\openvrpaths.vrpath
JavaScript warning: https://cdn-assets-ssl.gn100.com/assets_v2/js/common/common.js?ver=562, line 289: unreachable code after return statement
JavaScript warning: https://cdn-assets-ssl.gn100.com/assets_v2/js/common/common.js?ver=562, line 289: unreachable code after return statement
JavaScript error: https://www.yunke.com/, line 686: TypeError: $(...).Xslider is not a function
JavaScript warning: https://cdn-assets-ssl.gn100.com/assets_v2/js/common/common.js?ver=562, line 289: unreachable code after return statement
JavaScript warning: https://cdn-assets-ssl.gn100.com/assets_v2/js/jquery/jquery.so.js?ver=562, line 21: unreachable code after return statement
Unable to read VR Path Registry from C:\Users\Administrator\AppData\Local\openvr\openvrpaths.vrpath
[Child 1996, Chrome_ChildThread] WARNING: pipe error: 109: file z:/build/build/src/ipc/chromium/src/chrome/common/ipc_channel_win.cc, line 346
[Child 1996, Chrome_ChildThread] WARNING: pipe error: 109: file z:/build/build/src/ipc/chromium/src/chrome/common/ipc_channel_win.cc, line 346
[Child 11752, Chrome_ChildThread] WARNING: pipe error: 109: file z:/build/build/src/ipc/chromium/src/chrome/common/ipc_channel_win.cc, line 346
[Child 11752, Chrome_ChildThread] WARNING: pipe error: 109: file z:/build/build/src/ipc/chromium/src/chrome/common/ipc_channel_win.cc, line 346
*** UTM:SVC TimerManager:registerTimer called after profile-before-change notification. Ignoring timer registration for id: telemetry_modules_ping

###!!! [Child][MessageChannel::SendAndWait] Error: Channel error: cannot send/recv

Unable to read VR Path Registry from C:\Users\Administrator\AppData\Local\openvr\openvrpaths.vrpath
1521118320501	geckodriver::marionette	ERROR	Failed to stop browser process
1521118323167	geckodriver	INFO	geckodriver 0.20.0
1521118323175	geckodriver	INFO	Listening on 127.0.0.1:20860
1521118323731	mozrunner::runner	INFO	Running command: "C:\\Program Files\\Mozilla Firefox\\firefox.exe" "-marionette" "-profile" "C:\\Users\\Administrator\\AppData\\Local\\Temp\\rust_mozprofile.N2d2xO9VmrQI"
1521118324322	Marionette	INFO	Enabled via --marionette
1521118326802	Marionette	INFO	Listening on port 20865
1521118327232	Marionette	WARN	TLS certificate errors will be ignored for this session
Unable to read VR Path Registry from C:\Users\Administrator\AppData\Local\openvr\openvrpaths.vrpath
JavaScript warning: https://cdn-assets-ssl.gn100.com/assets_v2/js/common/common.js?ver=562, line 289: unreachable code after return statement
JavaScript warning: https://cdn-assets-ssl.gn100.com/assets_v2/js/common/common.js?ver=562, line 289: unreachable code after return statement
JavaScript warning: https://cdn-assets-ssl.gn100.com/assets_v2/js/jquery/jquery.so.js?ver=562, line 21: unreachable code after return statement
JavaScript warning: https://cdn-assets-ssl.gn100.com/assets_v2/js/common/common.js?ver=562, line 289: unreachable code after return statement
JavaScript warning: https://cdn-assets-ssl.gn100.com/assets_v2/js/jquery/jquery.so.js?ver=562, line 21: unreachable code after return statement
Unable to read VR Path Registry from C:\Users\Administrator\AppData\Local\openvr\openvrpaths.vrpath
[Child 4552, Chrome_ChildThread] WARNING: pipe error: 109: file z:/build/build/src/ipc/chromium/src/chrome/common/ipc_channel_win.cc, line 346
[Child 4552, Chrome_ChildThread] WARNING: pipe error: 109: file z:/build/build/src/ipc/chromium/src/chrome/common/ipc_channel_win.cc, line 346
[Child 4640, Chrome_ChildThread] WARNING: pipe error: 109: file z:/build/build/src/ipc/chromium/src/chrome/common/ipc_channel_win.cc, line 346
[Child 4640, Chrome_ChildThread] WARNING: pipe error: 109: file z:/build/build/src/ipc/chromium/src/chrome/common/ipc_channel_win.cc, line 346
Unable to read VR Path Registry from C:\Users\Administrator\AppData\Local\openvr\openvrpaths.vrpath
[Child 11792, Chrome_ChildThread] WARNING: pipe error: 109: file z:/build/build/src/ipc/chromium/src/chrome/common/ipc_channel_win.cc, line 346
[Child 11792, Chrome_ChildThread] WARNING: pipe error: 109: file z:/build/build/src/ipc/chromium/src/chrome/common/ipc_channel_win.cc, line 346
*** UTM:SVC TimerManager:registerTimer called after profile-before-change notification. Ignoring timer registration for id: telemetry_modules_ping
Unable to read VR Path Registry from C:\Users\Administrator\AppData\Local\openvr\openvrpaths.vrpath
[GPU 4440, Chrome_ChildThread] WARNING: pipe error: 109: file z:/build/build/src/ipc/chromium/src/chrome/common/ipc_channel_win.cc, line 346

###!!! [Child][MessageChannel::SendAndWait] Error: Channel error: cannot send/recv

Unable to read VR Path Registry from C:\Users\Administrator\AppData\Local\openvr\openvrpaths.vrpath
1521118351427	geckodriver::marionette	ERROR	Failed to stop browser process
1521118369148	geckodriver	INFO	geckodriver 0.20.0
1521118369156	geckodriver	INFO	Listening on 127.0.0.1:20958
1521118369700	mozrunner::runner	INFO	Running command: "C:\\Program Files\\Mozilla Firefox\\firefox.exe" "-marionette" "-profile" "C:\\Users\\Administrator\\AppData\\Local\\Temp\\rust_mozprofile.08kuBB3xc9Wy"
1521118370408	Marionette	INFO	Enabled via --marionette
1521118372876	Marionette	INFO	Listening on port 20963
1521118373922	Marionette	WARN	TLS certificate errors will be ignored for this session
Unable to read VR Path Registry from C:\Users\Administrator\AppData\Local\openvr\openvrpaths.vrpath
JavaScript warning: https://cdn-assets-ssl.gn100.com/assets_v2/js/common/common.js?ver=562, line 289: unreachable code after return statement
JavaScript warning: https://cdn-assets-ssl.gn100.com/assets_v2/js/common/common.js?ver=562, line 289: unreachable code after return statement
JavaScript warning: https://cdn-assets-ssl.gn100.com/assets_v2/js/jquery/jquery.so.js?ver=562, line 21: unreachable code after return statement
JavaScript warning: https://cdn-assets-ssl.gn100.com/assets_v2/js/common/common.js?ver=562, line 289: unreachable code after return statement
JavaScript warning: https://cdn-assets-ssl.gn100.com/assets_v2/js/jquery/jquery.so.js?ver=562, line 21: unreachable code after return statement
Unable to read VR Path Registry from C:\Users\Administrator\AppData\Local\openvr\openvrpaths.vrpath
[Child 8576, Chrome_ChildThread] WARNING: pipe error: 109: file z:/build/build/src/ipc/chromium/src/chrome/common/ipc_channel_win.cc, line 346
[Child 8576, Chrome_ChildThread] WARNING: pipe error: 109: file z:/build/build/src/ipc/chromium/src/chrome/common/ipc_channel_win.cc, line 346
Unable to read VR Path Registry from C:\Users\Administrator\AppData\Local\openvr\openvrpaths.vrpath
[Parent 384, Gecko_IOThread] WARNING: pipe error: 109: file z:/build/build/src/ipc/chromium/src/chrome/common/ipc_channel_win.cc, line 346
[Child 5304, Chrome_ChildThread] WARNING: pipe error: 109: file z:/build/build/src/ipc/chromium/src/chrome/common/ipc_channel_win.cc, line 346
[Child 5304, Chrome_ChildThread] WARNING: pipe error: 109: file z:/build/build/src/ipc/chromium/src/chrome/common/ipc_channel_win.cc, line 346
*** UTM:SVC TimerManager:registerTimer called after profile-before-change notification. Ignoring timer registration for id: telemetry_modules_ping

###!!! [Child][MessageChannel::SendAndWait] Error: Channel error: cannot send/recv

1521118393622	geckodriver::marionette	ERROR	Failed to stop browser process
1521118991704	geckodriver	INFO	geckodriver 0.20.0
1521118991712	geckodriver	INFO	Listening on 127.0.0.1:21081
1521118992263	mozrunner::runner	INFO	Running command: "C:\\Program Files\\Mozilla Firefox\\firefox.exe" "-marionette" "-profile" "C:\\Users\\Administrator\\AppData\\Local\\Temp\\rust_mozprofile.tMxQJlcHY7HE"
1521118992966	Marionette	INFO	Enabled via --marionette
1521118995364	Marionette	INFO	Listening on port 21086
1521118995386	Marionette	WARN	TLS certificate errors will be ignored for this session
Unable to read VR Path Registry from C:\Users\Administrator\AppData\Local\openvr\openvrpaths.vrpath
JavaScript warning: https://cdn-assets-ssl.gn100.com/assets_v2/js/common/common.js?ver=562, line 289: unreachable code after return statement
[Child 7568, Chrome_ChildThread] WARNING: pipe error: 109: file z:/build/build/src/ipc/chromium/src/chrome/common/ipc_channel_win.cc, line 346
[Child 7568, Chrome_ChildThread] WARNING: pipe error: 109: file z:/build/build/src/ipc/chromium/src/chrome/common/ipc_channel_win.cc, line 346
Unable to read VR Path Registry from C:\Users\Administrator\AppData\Local\openvr\openvrpaths.vrpath
[Child 10672, Chrome_ChildThread] WARNING: pipe error: 109: file z:/build/build/src/ipc/chromium/src/chrome/common/ipc_channel_win.cc, line 346
[Child 10672, Chrome_ChildThread] WARNING: pipe error: 109: file z:/build/build/src/ipc/chromium/src/chrome/common/ipc_channel_win.cc, line 346

###!!! [Child][MessageChannel::SendAndWait] Error: Channel error: cannot send/recv

Unable to read VR Path Registry from C:\Users\Administrator\AppData\Local\openvr\openvrpaths.vrpath
hable code after return statement
JavaScript warning: https://cdn-assets-ssl.gn100.com/assets_v2/js/jquery/jquery.so.js?ver=562, line 21: unreachable code after return statement
JavaScript warning: https://cdn-assets-ssl.gn100.com/assets_v2/js/common/common.js?ver=562, line 289: unreachable code after return statement
JavaScript warning: https://cdn-assets-ssl.gn100.com/assets_v2/js/jquery/jquery.so.js?ver=562, line 21: unreachable code after return statement
Unable to read VR Path Registry from C:\Users\Administrator\AppData\Local\openvr\openvrpaths.vrpath
[Child 10780, Chrome_ChildThread] WARNING: pipe error: 109: file z:/build/build/src/ipc/chromium/src/chrome/common/ipc_channel_win.cc, line 346
[Child 10780, Chrome_ChildThread] WARNING: pipe error: 109: file z:/build/build/src/ipc/chromium/src/chrome/common/ipc_channel_win.cc, line 346
*** UTM:SVC TimerManager:registerTimer called after profile-before-change notification. Ignoring timer registration for id: telemetry_modules_ping

###!!! [Child][MessageChannel::SendAndWait] Error: Channel error: cannot send/recv

Unable to read VR Path Registry from C:\Users\Administrator\AppData\Local\openvr\openvrpaths.vrpath
1521119179353	geckodriver::marionette	ERROR	Failed to stop browser process
1521119891944	geckodriver	INFO	geckodriver 0.20.0
1521119891951	geckodriver	INFO	Listening on 127.0.0.1:21396
1521119892504	mozrunner::runner	INFO	Running command: "C:\\Program Files\\Mozilla Firefox\\firefox.exe" "-marionette" "-profile" "C:\\Users\\Administrator\\AppData\\Local\\Temp\\rust_mozprofile.w1DDBZi3bdUJ"
1521119893134	Marionette	INFO	Enabled via --marionette
1521119895918	Marionette	INFO	Listening on port 21401
1521119896716	Marionette	WARN	TLS certificate errors will be ignored for this session
Unable to read VR Path Registry from C:\Users\Administrator\AppData\Local\openvr\openvrpaths.vrpath
JavaScript warning: https://cdn-assets-ssl.gn100.com/assets_v2/js/common/common.js?ver=562, line 289: unreachable code after return statement
JavaScript warning: https://cdn-assets-ssl.gn100.com/assets_v2/js/common/common.js?ver=562, line 289: unreachable code after return statement
JavaScript warning: https://cdn-assets-ssl.gn100.com/assets_v2/js/jquery/jquery.so.js?ver=562, line 21: unreachable code after return statement
JavaScript warning: https://cdn-assets-ssl.gn100.com/assets_v2/js/common/common.js?ver=562, line 289: unreachable code after return statement
JavaScript warning: https://cdn-assets-ssl.gn100.com/assets_v2/js/jquery/jquery.so.js?ver=562, line 21: unreachable code after return statement
Unable to read VR Path Registry from C:\Users\Administrator\AppData\Local\openvr\openvrpaths.vrpath
[Child 4176, Chrome_ChildThread] WARNING: pipe error: 109: file z:/build/build/src/ipc/chromium/src/chrome/common/ipc_channel_win.cc, line 346
Unable to read VR Path Registry from C:\Users\Administrator\AppData\Local\openvr\openvrpaths.vrpath
[Parent 5208, Gecko_IOThread] WARNING: pipe error: 109: file z:/build/build/src/ipc/chromium/src/chrome/common/ipc_channel_win.cc, line 346
[Child 12100, Chrome_ChildThread] WARNING: pipe error: 109: file z:/build/build/src/ipc/chromium/src/chrome/common/ipc_channel_win.cc, line 346
[Child 12100, Chrome_ChildThread] WARNING: pipe error: 109: file z:/build/build/src/ipc/chromium/src/chrome/common/ipc_channel_win.cc, line 346
Unable to read VR Path Registry from C:\Users\Administrator\AppData\Local\openvr\openvrpaths.vrpath
[Child 836, Chrome_ChildThread] WARNING: pipe error: 109: file z:/build/build/src/ipc/chromium/src/chrome/common/ipc_channel_win.cc, line 346
*** UTM:SVC TimerManager:registerTimer called after profile-before-change notification. Ignoring timer registration for id: telemetry_modules_ping
Unable to read VR Path Registry from C:\Users\Administrator\AppData\Local\openvr\openvrpaths.vrpath
[GPU 10652, Chrome_ChildThread] WARNING: pipe error: 109: file z:/build/build/src/ipc/chromium/src/chrome/common/ipc_channel_win.cc, line 346

###!!! [Child][MessageChannel::SendAndWait] Error: Channel error: cannot send/recv

1521119905020	geckodriver::marionette	ERROR	Failed to stop browser process
1521119976433	geckodriver	INFO	geckodriver 0.20.0
1521119976441	geckodriver	INFO	Listening on 127.0.0.1:21497
1521119976993	mozrunner::runner	INFO	Running command: "C:\\Program Files\\Mozilla Firefox\\firefox.exe" "-marionette" "-profile" "C:\\Users\\Administrator\\AppData\\Local\\Temp\\rust_mozprofile.9HmawCsT984n"
1521119977782	Marionette	INFO	Enabled via --marionette
1521119980606	Marionette	INFO	Listening on port 21502
1521119981214	Marionette	WARN	TLS certificate errors will be ignored for this session
Unable to read VR Path Registry from C:\Users\Administrator\AppData\Local\openvr\openvrpaths.vrpath
JavaScript warning: https://cdn-assets-ssl.gn100.com/assets_v2/js/common/common.js?ver=562, line 289: unreachable code after return statement
JavaScript warning: https://cdn-assets-ssl.gn100.com/assets_v2/js/common/common.js?ver=562, line 289: unreachable code after return statement
JavaScript warning: https://cdn-assets-ssl.gn100.com/assets_v2/js/jquery/jquery.so.js?ver=562, line 21: unreachable code after return statement
JavaScript warning: https://cdn-assets-ssl.gn100.com/assets_v2/js/common/common.js?ver=562, line 289: unreachable code after return statement
JavaScript warning: https://cdn-assets-ssl.gn100.com/assets_v2/js/jquery/jquery.so.js?ver=562, line 21: unreachable code after return statement
Unable to read VR Path Registry from C:\Users\Administrator\AppData\Local\openvr\openvrpaths.vrpath
[Child 10932, Chrome_ChildThread] WARNING: pipe error: 109: file z:/build/build/src/ipc/chromium/src/chrome/common/ipc_channel_win.cc, line 346
[Child 10932, Chrome_ChildThread] WARNING: pipe error: 109: file z:/build/build/src/ipc/chromium/src/chrome/common/ipc_channel_win.cc, line 346
[Child 7576, Chrome_ChildThread] WARNING: pipe error: 109: file z:/build/build/src/ipc/chromium/src/chrome/common/ipc_channel_win.cc, line 346
[Child 7576, Chrome_ChildThread] WARNING: pipe error: 109: file z:/build/build/src/ipc/chromium/src/chrome/common/ipc_channel_win.cc, line 346
*** UTM:SVC TimerManager:registerTimer called after profile-before-change notification. Ignoring timer registration for id: telemetry_modules_ping
Unable to read VR Path Registry from C:\Users\Administrator\AppData\Local\openvr\openvrpaths.vrpath
[GPU 5204, Chrome_ChildThread] WARNING: pipe error: 109: file z:/build/build/src/ipc/chromium/src/chrome/common/ipc_channel_win.cc, line 346

###!!! [Child][MessageChannel::SendAndWait] Error: Channel error: cannot send/recv

Unable to read VR Path Registry from C:\Users\Administrator\AppData\Local\openvr\openvrpaths.vrpath
1521119990040	geckodriver::marionette	ERROR	Failed to stop browser process
1521120001234	geckodriver	INFO	geckodriver 0.20.0
1521120001242	geckodriver	INFO	Listening on 127.0.0.1:21593
1521120001748	mozrunner::runner	INFO	Running command: "C:\\Program Files\\Mozilla Firefox\\firefox.exe" "-marionette" "-profile" "C:\\Users\\Administrator\\AppData\\Local\\Temp\\rust_mozprofile.V5TilfSE2d9o"
1521120002394	Marionette	INFO	Enabled via --marionette
1521120004832	Marionette	INFO	Listening on port 21598
1521120004862	Marionette	WARN	TLS certificate errors will be ignored for this session
Unable to read VR Path Registry from C:\Users\Administrator\AppData\Local\openvr\openvrpaths.vrpath
JavaScript warning: https://cdn-assets-ssl.gn100.com/assets_v2/js/common/common.js?ver=562, line 289: unreachable code after return statement
JavaScript warning: https://cdn-assets-ssl.gn100.com/assets_v2/js/common/common.js?ver=562, line 289: unreachable code after return statement
JavaScript warning: https://cdn-assets-ssl.gn100.com/assets_v2/js/jquery/jquery.so.js?ver=562, line 21: unreachable code after return statement
JavaScript warning: https://cdn-assets-ssl.gn100.com/assets_v2/js/common/common.js?ver=562, line 289: unreachable code after return statement
JavaScript warning: https://cdn-assets-ssl.gn100.com/assets_v2/js/jquery/jquery.so.js?ver=562, line 21: unreachable code after return statement
Unable to read VR Path Registry from C:\Users\Administrator\AppData\Local\openvr\openvrpaths.vrpath
[Child 11300, Chrome_ChildThread] WARNING: pipe error: 109: file z:/build/build/src/ipc/chromium/src/chrome/common/ipc_channel_win.cc, line 346
[Child 11300, Chrome_ChildThread] WARNING: pipe error: 109: file z:/build/build/src/ipc/chromium/src/chrome/common/ipc_channel_win.cc, line 346
Unable to read VR Path Registry from C:\Users\Administrator\AppData\Local\openvr\openvrpaths.vrpath
[Child 9064, Chrome_ChildThread] WARNING: pipe error: 109: file z:/build/build/src/ipc/chromium/src/chrome/common/ipc_channel_win.cc, line 346
*** UTM:SVC TimerManager:registerTimer called after profile-before-change notification. Ignoring timer registration for id: telemetry_modules_ping

###!!! [Child][MessageChannel::SendAndWait] Error: Channel error: cannot send/recv

Unable to read VR Path Registry from C:\Users\Administrator\AppData\Local\openvr\openvrpaths.vrpath
1521120012325	geckodriver::marionette	ERROR	Failed to stop browser process
1521166283651	geckodriver	INFO	geckodriver 0.20.0
1521166283658	geckodriver	INFO	Listening on 127.0.0.1:1340
1521166284210	mozrunner::runner	INFO	Running command: "C:\\Program Files\\Mozilla Firefox\\firefox.exe" "-marionette" "-profile" "C:\\Users\\Administrator\\AppData\\Local\\Temp\\rust_mozprofile.nwOWhHhxKnKX"
1521166284916	Marionette	INFO	Enabled via --marionette
1521166287230	Marionette	INFO	Listening on port 1345
1521166287722	Marionette	WARN	TLS certificate errors will be ignored for this session
Unable to read VR Path Registry from C:\Users\Administrator\AppData\Local\openvr\openvrpaths.vrpath
JavaScript warning: https://cdn-assets-ssl.gn100.com/assets_v2/js/common/common.js?ver=562, line 289: unreachable code after return statement
JavaScript warning: https://cdn-assets-ssl.gn100.com/assets_v2/js/common/common.js?ver=562, line 289: unreachable code after return statement
JavaScript warning: https://cdn-assets-ssl.gn100.com/assets_v2/js/jquery/jquery.so.js?ver=562, line 21: unreachable code after return statement
JavaScript warning: https://cdn-assets-ssl.gn100.com/assets_v2/js/common/common.js?ver=562, line 289: unreachable code after return statement
JavaScript warning: https://cdn-assets-ssl.gn100.com/assets_v2/js/jquery/jquery.so.js?ver=562, line 21: unreachable code after return statement
Unable to read VR Path Registry from C:\Users\Administrator\AppData\Local\openvr\openvrpaths.vrpath
[Child 1524, Chrome_ChildThread] WARNING: pipe error: 109: file z:/build/build/src/ipc/chromium/src/chrome/common/ipc_channel_win.cc, line 346
[Child 1524, Chrome_ChildThread] WARNING: pipe error: 109: file z:/build/build/src/ipc/chromium/src/chrome/common/ipc_channel_win.cc, line 346
*** UTM:SVC TimerManager:registerTimer called after profile-before-change notification. Ignoring timer registration for id: telemetry_modules_ping

###!!! [Child][MessageChannel::SendAndWait] Error: Channel error: cannot send/recv

Unable to read VR Path Registry from C:\Users\Administrator\AppData\Local\openvr\openvrpaths.vrpath
1521166295879	geckodriver::marionette	ERROR	Failed to stop browser process
1521167451288	geckodriver	INFO	geckodriver 0.20.0
1521167451296	geckodriver	INFO	Listening on 127.0.0.1:1633
1521167451849	mozrunner::runner	INFO	Running command: "C:\\Program Files\\Mozilla Firefox\\firefox.exe" "-marionette" "-profile" "C:\\Users\\Administrator\\AppData\\Local\\Temp\\rust_mozprofile.8CIf4xVnqOQR"
1521167452616	Marionette	INFO	Enabled via --marionette
1521167454982	Marionette	INFO	Listening on port 1640
1521167456072	Marionette	WARN	TLS certificate errors will be ignored for this session
Unable to read VR Path Registry from C:\Users\Administrator\AppData\Local\openvr\openvrpaths.vrpath
JavaScript warning: https://cdn-assets-ssl.gn100.com/assets_v2/js/common/common.js?ver=562, line 289: unreachable code after return statement
JavaScript warning: https://cdn-assets-ssl.gn100.com/assets_v2/js/common/common.js?ver=562, line 289: unreachable code after return statement
JavaScript warning: https://cdn-assets-ssl.gn100.com/assets_v2/js/jquery/jquery.so.js?ver=562, line 21: unreachable code after return statement
JavaScript warning: https://cdn-assets-ssl.gn100.com/assets_v2/js/common/common.js?ver=562, line 289: unreachable code after return statement
JavaScript warning: https://cdn-assets-ssl.gn100.com/assets_v2/js/jquery/jquery.so.js?ver=562, line 21: unreachable code after return statement
Unable to read VR Path Registry from C:\Users\Administrator\AppData\Local\openvr\openvrpaths.vrpath
[Child 9568, Chrome_ChildThread] WARNING: pipe error: 109: file z:/build/build/src/ipc/chromium/src/chrome/common/ipc_channel_win.cc, line 346
[Child 9568, Chrome_ChildThread] WARNING: pipe error: 109: file z:/build/build/src/ipc/chromium/src/chrome/common/ipc_channel_win.cc, line 346
Unable to read VR Path Registry from C:\Users\Administrator\AppData\Local\openvr\openvrpaths.vrpath
[Parent 9160, Gecko_IOThread] WARNING: pipe error: 109: file z:/build/build/src/ipc/chromium/src/chrome/common/ipc_channel_win.cc, line 346
[Child 3628, Chrome_ChildThread] WARNING: pipe error: 109: file z:/build/build/src/ipc/chromium/src/chrome/common/ipc_channel_win.cc, line 346
[Child 3628, Chrome_ChildThread] WARNING: pipe error: 109: file z:/build/build/src/ipc/chromium/src/chrome/common/ipc_channel_win.cc, line 346
*** UTM:SVC TimerManager:registerTimer called after profile-before-change notification. Ignoring timer registration for id: telemetry_modules_ping
Unable to read VR Path Registry from C:\Users\Administrator\AppData\Local\openvr\openvrpaths.vrpath
[GPU 8168, Chrome_ChildThread] WARNING: pipe error: 109: file z:/build/build/src/ipc/chromium/src/chrome/common/ipc_channel_win.cc, line 346

###!!! [Child][MessageChannel::SendAndWait] Error: Channel error: cannot send/recv

1521167463898	geckodriver::marionette	ERROR	Failed to stop browser process
1521170602258	geckodriver	INFO	geckodriver 0.20.0
1521170602267	geckodriver	INFO	Listening on 127.0.0.1:2527
1521170602803	mozrunner::runner	INFO	Running command: "C:\\Program Files\\Mozilla Firefox\\firefox.exe" "-marionette" "-profile" "C:\\Users\\Administrator\\AppData\\Local\\Temp\\rust_mozprofile.X1lMf6kXIVJH"
1521170603484	Marionette	INFO	Enabled via --marionette
1521170606084	Marionette	INFO	Listening on port 2532
1521170607022	Marionette	WARN	TLS certificate errors will be ignored for this session
Unable to read VR Path Registry from C:\Users\Administrator\AppData\Local\openvr\openvrpaths.vrpath
JavaScript error: https://ss1.bdstatic.com/5eN1bjq8AAUYm2zgoY3K/r/www/cache/static/protocol/https/plugins/every_cookie_4644b13.js, line 4: ReferenceError: c is not defined
JavaScript error: https://sp0.baidu.com/5a1Fazu8AA54nxGko9WTAnF6hhy/su?wd=HT&json=1&p=3&sid=1425_25810_21088_20930&req=2&csor=2&pwd=H&cb=jQuery110201859035376198449_1521170608598&_=1521170608601, line 1: TypeError: jQuery110201859035376198449_1521170608598 is not a function
JavaScript error: https://sp0.baidu.com/5a1Fazu8AA54nxGko9WTAnF6hhy/su?wd=HTMLTes&json=1&p=3&sid=1425_25810_21088_20930&req=2&csor=7&pwd=HTMLTe&cb=jQuery110201859035376198449_1521170608598&_=1521170608606, line 1: TypeError: jQuery110201859035376198449_1521170608598 is not a function
JavaScript error: https://sp0.baidu.com/5a1Fazu8AA54nxGko9WTAnF6hhy/su?wd=HTML&json=1&p=3&sid=1425_25810_21088_20930&req=2&csor=4&pwd=HTM&cb=jQuery110201859035376198449_1521170608598&_=1521170608603, line 1: TypeError: jQuery110201859035376198449_1521170608598 is not a function
JavaScript error: https://sp0.baidu.com/5a1Fazu8AA54nxGko9WTAnF6hhy/su?wd=HTM&json=1&p=3&sid=1425_25810_21088_20930&req=2&csor=3&pwd=HT&cb=jQuery110201859035376198449_1521170608598&_=1521170608602, line 1: TypeError: jQuery110201859035376198449_1521170608598 is not a function
JavaScript error: https://sp0.baidu.com/5a1Fazu8AA54nxGko9WTAnF6hhy/su?wd=HTMLT&json=1&p=3&sid=1425_25810_21088_20930&req=2&csor=5&pwd=HTML&cb=jQuery110201859035376198449_1521170608598&_=1521170608604, line 1: TypeError: jQuery110201859035376198449_1521170608598 is not a function
JavaScript error: https://sp0.baidu.com/5a1Fazu8AA54nxGko9WTAnF6hhy/su?wd=HTMLTe&json=1&p=3&sid=1425_25810_21088_20930&req=2&csor=6&pwd=HTMLT&cb=jQuery110201859035376198449_1521170608598&_=1521170608605, line 1: TypeError: jQuery110201859035376198449_1521170608598 is not a function
JavaScript error: https://sp0.baidu.com/5a1Fazu8AA54nxGko9WTAnF6hhy/su?wd=HTMLTest&json=1&p=3&sid=1425_25810_21088_20930&req=2&csor=8&pwd=HTMLTes&cb=jQuery110201859035376198449_1521170608598&_=1521170608607, line 1: TypeError: jQuery110201859035376198449_1521170608598 is not a function
JavaScript error: https://sp0.baidu.com/5a1Fazu8AA54nxGko9WTAnF6hhy/su?wd=HTMLTestR&json=1&p=3&sid=1425_25810_21088_20930&req=2&csor=9&pwd=HTMLTest&cb=jQuery110201859035376198449_1521170608598&_=1521170608608, line 1: TypeError: jQuery110201859035376198449_1521170608598 is not a function
JavaScript error: https://sp0.baidu.com/5a1Fazu8AA54nxGko9WTAnF6hhy/su?wd=HTMLTestRunne&json=1&p=3&sid=1425_25810_21088_20930&req=2&csor=13&pwd=HTMLTestRunn&cb=jQuery110201859035376198449_1521170608598&_=1521170608612, line 1: TypeError: jQuery110201859035376198449_1521170608598 is not a function
JavaScript error: https://sp0.baidu.com/5a1Fazu8AA54nxGko9WTAnF6hhy/su?wd=HTMLTestRu&json=1&p=3&sid=1425_25810_21088_20930&req=2&csor=10&pwd=HTMLTestR&cb=jQuery110201859035376198449_1521170608598&_=1521170608609, line 1: TypeError: jQuery110201859035376198449_1521170608598 is not a function
JavaScript error: https://sp0.baidu.com/5a1Fazu8AA54nxGko9WTAnF6hhy/su?wd=HTMLTestRunn&json=1&p=3&sid=1425_25810_21088_20930&req=2&csor=12&pwd=HTMLTestRun&cb=jQuery110201859035376198449_1521170608598&_=1521170608611, line 1: TypeError: jQuery110201859035376198449_1521170608598 is not a function
JavaScript error: https://sp0.baidu.com/5a1Fazu8AA54nxGko9WTAnF6hhy/su?wd=HTMLTestRun&json=1&p=3&sid=1425_25810_21088_20930&req=2&csor=11&pwd=HTMLTestRu&cb=jQuery110201859035376198449_1521170608598&_=1521170608610, line 1: TypeError: jQuery110201859035376198449_1521170608598 is not a function
JavaScript error: https://sp0.baidu.com/5a1Fazu8AA54nxGko9WTAnF6hhy/su?wd=HTMLTestRunner&json=1&p=3&sid=1425_25810_21088_20930&req=2&csor=14&pwd=HTMLTestRunne&cb=jQuery110201859035376198449_1521170608598&_=1521170608613, line 1: TypeError: jQuery110201859035376198449_1521170608598 is not a function
Unable to read VR Path Registry from C:\Users\Administrator\AppData\Local\openvr\openvrpaths.vrpath
[Parent 8736, Gecko_IOThread] WARNING: pipe error: 109: file z:/build/build/src/ipc/chromium/src/chrome/common/ipc_channel_win.cc, line 346
Unable to read VR Path Registry from C:\Users\Administrator\AppData\Local\openvr\openvrpaths.vrpath
[Child 8468, Chrome_ChildThread] WARNING: pipe error: 109: file z:/build/build/src/ipc/chromium/src/chrome/common/ipc_channel_win.cc, line 346
[Child 8468, Chrome_ChildThread] WARNING: pipe error: 109: file z:/build/build/src/ipc/chromium/src/chrome/common/ipc_channel_win.cc, line 346
[Parent 8736, Gecko_IOThread] WARNING: pipe error: 109: file z:/build/build/src/ipc/chromium/src/chrome/common/ipc_channel_win.cc, line 346
[Child 9652, Chrome_ChildThread] WARNING: pipe error: 109: file z:/build/build/src/ipc/chromium/src/chrome/common/ipc_channel_win.cc, line 346
[Child 9652, Chrome_ChildThread] WARNING: pipe error: 109: file z:/build/build/src/ipc/chromium/src/chrome/common/ipc_channel_win.cc, line 346
[Parent 8736, Gecko_IOThread] WARNING: pipe error: 109: file z:/build/build/src/ipc/chromium/src/chrome/common/ipc_channel_win.cc, line 346
Unable to read VR Path Registry from C:\Users\Administrator\AppData\Local\openvr\openvrpaths.vrpath
[Child 5740, Chrome_ChildThread] WARNING: pipe error: 109: file z:/build/build/src/ipc/chromium/src/chrome/common/ipc_channel_win.cc, line 346
*** UTM:SVC TimerManager:registerTimer called after profile-before-change notification. Ignoring timer registration for id: telemetry_modules_ping

###!!! [Child][MessageChannel::SendAndWait] Error: Channel error: cannot send/recv

1521170610463	geckodriver::marionette	ERROR	Failed to stop browser process
1521171238737	geckodriver	INFO	geckodriver 0.20.0
1521171238745	geckodriver	INFO	Listening on 127.0.0.1:2660
1521171239276	mozrunner::runner	INFO	Running command: "C:\\Program Files\\Mozilla Firefox\\firefox.exe" "-marionette" "-profile" "C:\\Users\\Administrator\\AppData\\Local\\Temp\\rust_mozprofile.cUorwMa1ZZ39"
1521171239986	Marionette	INFO	Enabled via --marionette
1521171242252	Marionette	INFO	Listening on port 2665
1521171242476	Marionette	WARN	TLS certificate errors will be ignored for this session
Unable to read VR Path Registry from C:\Users\Administrator\AppData\Local\openvr\openvrpaths.vrpath
[Child 7636, Chrome_ChildThread] WARNING: pipe error: 109: file z:/build/build/src/ipc/chromium/src/chrome/common/ipc_channel_win.cc, line 346
[Child 7636, Chrome_ChildThread] WARNING: pipe error: 109: file z:/build/build/src/ipc/chromium/src/chrome/common/ipc_channel_win.cc, line 346
Unable to read VR Path Registry from C:\Users\Administrator\AppData\Local\openvr\openvrpaths.vrpath
[Child 12072, Chrome_ChildThread] WARNING: pipe error: 109: file z:/build/build/src/ipc/chromium/src/chrome/common/ipc_channel_win.cc, line 346
[Child 12072, Chrome_ChildThread] WARNING: pipe error: 109: file z:/build/build/src/ipc/chromium/src/chrome/common/ipc_channel_win.cc, line 346
*** UTM:SVC TimerManager:registerTimer called after profile-before-change notification. Ignoring timer registration for id: telemetry_modules_ping

###!!! [Child][MessageChannel::SendAndWait] Error: Channel error: cannot send/recv

Unable to read VR Path Registry from C:\Users\Administrator\AppData\Local\openvr\openvrpaths.vrpath
1521171253710	geckodriver::marionette	ERROR	Failed to stop browser process
1521171293909	geckodriver	INFO	geckodriver 0.20.0
1521171293917	geckodriver	INFO	Listening on 127.0.0.1:2699
1521171294421	mozrunner::runner	INFO	Running command: "C:\\Program Files\\Mozilla Firefox\\firefox.exe" "-marionette" "-profile" "C:\\Users\\Administrator\\AppData\\Local\\Temp\\rust_mozprofile.8AwNDO7tPCye"
1521171295114	Marionette	INFO	Enabled via --marionette
1521171297320	Marionette	INFO	Listening on port 2704
1521171297586	Marionette	WARN	TLS certificate errors will be ignored for this session
Unable to read VR Path Registry from C:\Users\Administrator\AppData\Local\openvr\openvrpaths.vrpath
[Child 10312, Chrome_ChildThread] WARNING: pipe error: 109: file z:/build/build/src/ipc/chromium/src/chrome/common/ipc_channel_win.cc, line 346
[Child 10312, Chrome_ChildThread] WARNING: pipe error: 109: file z:/build/build/src/ipc/chromium/src/chrome/common/ipc_channel_win.cc, line 346
Unable to read VR Path Registry from C:\Users\Administrator\AppData\Local\openvr\openvrpaths.vrpath
[Child 11672, Chrome_ChildThread] WARNING: pipe error: 109: file z:/build/build/src/ipc/chromium/src/chrome/common/ipc_channel_win.cc, line 346
Unable to read VR Path Registry from C:\Users\Administrator\AppData\Local\openvr\openvrpaths.vrpath
[Child 4536, Chrome_ChildThread] WARNING: pipe error: 109: file z:/build/build/src/ipc/chromium/src/chrome/common/ipc_channel_win.cc, line 346
*** UTM:SVC TimerManager:registerTimer called after profile-before-change notification. Ignoring timer registration for id: telemetry_modules_ping
Unable to read VR Path Registry from C:\Users\Administrator\AppData\Local\openvr\openvrpaths.vrpath
[GPU 9304, Chrome_ChildThread] WARNING: pipe error: 109: file z:/build/build/src/ipc/chromium/src/chrome/common/ipc_channel_win.cc, line 346

###!!! [Child][MessageChannel::SendAndWait] Error: Channel error: cannot send/recv

Unable to read VR Path Registry from C:\Users\Administrator\AppData\Local\openvr\openvrpaths.vrpath
1521171328757	geckodriver::marionette	ERROR	Failed to stop browser process
1521171383213	geckodriver	INFO	geckodriver 0.20.0
1521171383222	geckodriver	INFO	Listening on 127.0.0.1:2960
1521171383755	mozrunner::runner	INFO	Running command: "C:\\Program Files\\Mozilla Firefox\\firefox.exe" "-marionette" "-profile" "C:\\Users\\Administrator\\AppData\\Local\\Temp\\rust_mozprofile.mgXJ1b3V8KtP"
1521171384472	Marionette	INFO	Enabled via --marionette
1521171386940	Marionette	INFO	Listening on port 2965
1521171387974	Marionette	WARN	TLS certificate errors will be ignored for this session
Unable to read VR Path Registry from C:\Users\Administrator\AppData\Local\openvr\openvrpaths.vrpath
[Parent 4720, Gecko_IOThread] WARNING: pipe error: 109: file z:/build/build/src/ipc/chromium/src/chrome/common/ipc_channel_win.cc, line 346
Unable to read VR Path Registry from C:\Users\Administrator\AppData\Local\openvr\openvrpaths.vrpath
[Child 9484, Chrome_ChildThread] WARNING: pipe error: 109: file z:/build/build/src/ipc/chromium/src/chrome/common/ipc_channel_win.cc, line 346
[Child 9484, Chrome_ChildThread] WARNING: pipe error: 109: file z:/build/build/src/ipc/chromium/src/chrome/common/ipc_channel_win.cc, line 346
[Parent 4720, Gecko_IOThread] WARNING: pipe error: 109: file z:/build/build/src/ipc/chromium/src/chrome/common/ipc_channel_win.cc, line 346
Unable to read VR Path Registry from C:\Users\Administrator\AppData\Local\openvr\openvrpaths.vrpath
[Child 8196, Chrome_ChildThread] WARNING: pipe error: 109: file z:/build/build/src/ipc/chromium/src/chrome/common/ipc_channel_win.cc, line 346
[Child 8196, Chrome_ChildThread] WARNING: pipe error: 109: file z:/build/build/src/ipc/chromium/src/chrome/common/ipc_channel_win.cc, line 346
1521171418174	addons.productaddons	WARN	Failed downloading XML, status: 0, reason: error
1521171418182	addons.productaddons	WARN	Failed downloading via XHR, status: 0, reason: error
1521171418182	addons.productaddons	WARN	Failed downloading via XHR, status: 0, reason: error
*** UTM:SVC TimerManager:registerTimer called after profile-before-change notification. Ignoring timer registration for id: telemetry_modules_ping

###!!! [Child][MessageChannel::SendAndWait] Error: Channel error: cannot send/recv

1521171419176	geckodriver::marionette	ERROR	Failed to stop browser process
1521171468585	geckodriver	INFO	geckodriver 0.20.0
1521171468594	geckodriver	INFO	Listening on 127.0.0.1:3031
1521171469106	mozrunner::runner	INFO	Running command: "C:\\Program Files\\Mozilla Firefox\\firefox.exe" "-marionette" "-profile" "C:\\Users\\Administrator\\AppData\\Local\\Temp\\rust_mozprofile.GQITWlv6lqvX"
1521171469838	Marionette	INFO	Enabled via --marionette
1521171472334	Marionette	INFO	Listening on port 3036
1521171473320	Marionette	WARN	TLS certificate errors will be ignored for this session
Unable to read VR Path Registry from C:\Users\Administrator\AppData\Local\openvr\openvrpaths.vrpath
JavaScript warning: https://cdn-assets-ssl.gn100.com/assets_v2/js/common/common.js?ver=562, line 289: unreachable code after return statement
Unable to read VR Path Registry from C:\Users\Administrator\AppData\Local\openvr\openvrpaths.vrpath
[Child 2400, Chrome_ChildThread] WARNING: pipe error: 109: file z:/build/build/src/ipc/chromium/src/chrome/common/ipc_channel_win.cc, line 346
[Child 2400, Chrome_ChildThread] WARNING: pipe error: 109: file z:/build/build/src/ipc/chromium/src/chrome/common/ipc_channel_win.cc, line 346
[Child 4396, Chrome_ChildThread] WARNING: pipe error: 109: file z:/build/build/src/ipc/chromium/src/chrome/common/ipc_channel_win.cc, line 346
Unable to read VR Path Registry from C:\Users\Administrator\AppData\Local\openvr\openvrpaths.vrpath
[Child 2872, Chrome_ChildThread] WARNING: pipe error: 109: file z:/build/build/src/ipc/chromium/src/chrome/common/ipc_channel_win.cc, line 346
*** UTM:SVC TimerManager:registerTimer called after profile-before-change notification. Ignoring timer registration for id: telemetry_modules_ping

###!!! [Child][MessageChannel::SendAndWait] Error: Channel error: cannot send/recv

Unable to read VR Path Registry from C:\Users\Administrator\AppData\Local\openvr\openvrpaths.vrpath
1521171479121	geckodriver::marionette	ERROR	Failed to stop browser process
1521171754457	geckodriver	INFO	geckodriver 0.20.0
1521171754465	geckodriver	INFO	Listening on 127.0.0.1:3128
1521171755011	mozrunner::runner	INFO	Running command: "C:\\Program Files\\Mozilla Firefox\\firefox.exe" "-marionette" "-profile" "C:\\Users\\Administrator\\AppData\\Local\\Temp\\rust_mozprofile.BeJpqn1Dhakr"
1521171755722	Marionette	INFO	Enabled via --marionette
1521171758102	Marionette	INFO	Listening on port 3133
1521171758192	Marionette	WARN	TLS certificate errors will be ignored for this session
Unable to read VR Path Registry from C:\Users\Administrator\AppData\Local\openvr\openvrpaths.vrpath
JavaScript warning: https://cdn-assets-ssl.gn100.com/assets_v2/js/common/common.js?ver=562, line 289: unreachable code after return statement
Unable to read VR Path Registry from C:\Users\Administrator\AppData\Local\openvr\openvrpaths.vrpath
[Child 3516, Chrome_ChildThread] WARNING: pipe error: 109: file z:/build/build/src/ipc/chromium/src/chrome/common/ipc_channel_win.cc, line 346
[Child 3516, Chrome_ChildThread] WARNING: pipe error: 109: file z:/build/build/src/ipc/chromium/src/chrome/common/ipc_channel_win.cc, line 346
[Child 1600, Chrome_ChildThread] WARNING: pipe error: 109: file z:/build/build/src/ipc/chromium/src/chrome/common/ipc_channel_win.cc, line 346
Unable to read VR Path Registry from C:\Users\Administrator\AppData\Local\openvr\openvrpaths.vrpath
[Child 9848, Chrome_ChildThread] WARNING: pipe error: 109: file z:/build/build/src/ipc/chromium/src/chrome/common/ipc_channel_win.cc, line 346
*** UTM:SVC TimerManager:registerTimer called after profile-before-change notification. Ignoring timer registration for id: telemetry_modules_ping

###!!! [Child][MessageChannel::SendAndWait] Error: Channel error: cannot send/recv

Unable to read VR Path Registry from C:\Users\Administrator\AppData\Local\openvr\openvrpaths.vrpath
1521171766975	geckodriver::marionette	ERROR	Failed to stop browser process
1521171845194	geckodriver	INFO	geckodriver 0.20.0
1521171845202	geckodriver	INFO	Listening on 127.0.0.1:3188
1521171845726	mozrunner::runner	INFO	Running command: "C:\\Program Files\\Mozilla Firefox\\firefox.exe" "-marionette" "-profile" "C:\\Users\\Administrator\\AppData\\Local\\Temp\\rust_mozprofile.sUEQG0Clk4ar"
1521171846484	Marionette	INFO	Enabled via --marionette
1521171848720	Marionette	INFO	Listening on port 3193
1521171849090	Marionette	WARN	TLS certificate errors will be ignored for this session
Unable to read VR Path Registry from C:\Users\Administrator\AppData\Local\openvr\openvrpaths.vrpath
JavaScript warning: https://cdn-assets-ssl.gn100.com/assets_v2/js/common/common.js?ver=562, line 289: unreachable code after return statement
JavaScript warning: https://cdn-assets-ssl.gn100.com/assets_v2/js/common/common.js?ver=562, line 289: unreachable code after return statement
JavaScript warning: https://cdn-assets-ssl.gn100.com/assets_v2/js/jquery/jquery.so.js?ver=562, line 21: unreachable code after return statement
Unable to read VR Path Registry from C:\Users\Administrator\AppData\Local\openvr\openvrpaths.vrpath
[Parent 4996, Gecko_IOThread] WARNING: pipe error: 109: file z:/build/build/src/ipc/chromium/src/chrome/common/ipc_channel_win.cc, line 346
Unable to read VR Path Registry from C:\Users\Administrator\AppData\Local\openvr\openvrpaths.vrpath
[Child 1428, Chrome_ChildThread] WARNING: pipe error: 109: file z:/build/build/src/ipc/chromium/src/chrome/common/ipc_channel_win.cc, line 346
[Parent 4996, Gecko_IOThread] WARNING: pipe error: 109: file z:/build/build/src/ipc/chromium/src/chrome/common/ipc_channel_win.cc, line 346
*** UTM:SVC TimerManager:registerTimer called after profile-before-change notification. Ignoring timer registration for id: telemetry_modules_ping

###!!! [Child][MessageChannel::SendAndWait] Error: Channel error: cannot send/recv

1521171856154	geckodriver::marionette	ERROR	Failed to stop browser process
1521171933711	geckodriver	INFO	geckodriver 0.20.0
1521171933720	geckodriver	INFO	Listening on 127.0.0.1:3272
1521171934254	mozrunner::runner	INFO	Running command: "C:\\Program Files\\Mozilla Firefox\\firefox.exe" "-marionette" "-profile" "C:\\Users\\Administrator\\AppData\\Local\\Temp\\rust_mozprofile.Ual2s3CHtuTQ"
1521171934936	Marionette	INFO	Enabled via --marionette
1521171937294	Marionette	INFO	Listening on port 3277
1521171937556	Marionette	WARN	TLS certificate errors will be ignored for this session
Unable to read VR Path Registry from C:\Users\Administrator\AppData\Local\openvr\openvrpaths.vrpath
JavaScript warning: https://cdn-assets-ssl.gn100.com/assets_v2/js/common/common.js?ver=562, line 289: unreachable code after return statement
JavaScript warning: https://cdn-assets-ssl.gn100.com/assets_v2/js/common/common.js?ver=562, line 289: unreachable code after return statement
JavaScript warning: https://cdn-assets-ssl.gn100.com/assets_v2/js/jquery/jquery.so.js?ver=562, line 21: unreachable code after return statement
*** UTM:SVC TimerManager:registerTimer called after profile-before-change notification. Ignoring timer registration for id: telemetry_modules_ping
Unable to read VR Path Registry from C:\Users\Administrator\AppData\Local\openvr\openvrpaths.vrpath
[GPU 7000, Chrome_ChildThread] WARNING: pipe error: 109: file z:/build/build/src/ipc/chromium/src/chrome/common/ipc_channel_win.cc, line 346

###!!! [Child][MessageChannel::SendAndWait] Error: Channel error: cannot send/recv

Unable to read VR Path Registry from C:\Users\Administrator\AppData\Local\openvr\openvrpaths.vrpath
1521171944999	geckodriver::marionette	ERROR	Failed to stop browser process
1521171987074	geckodriver	INFO	geckodriver 0.20.0
1521171987082	geckodriver	INFO	Listening on 127.0.0.1:3387
1521171987609	mozrunner::runner	INFO	Running command: "C:\\Program Files\\Mozilla Firefox\\firefox.exe" "-marionette" "-profile" "C:\\Users\\Administrator\\AppData\\Local\\Temp\\rust_mozprofile.OrOAQR8TaquN"
1521171988396	Marionette	INFO	Enabled via --marionette
1521171990638	Marionette	INFO	Listening on port 3392
1521171991032	Marionette	WARN	TLS certificate errors will be ignored for this session
Unable to read VR Path Registry from C:\Users\Administrator\AppData\Local\openvr\openvrpaths.vrpath
JavaScript warning: https://cdn-assets-ssl.gn100.com/assets_v2/js/common/common.js?ver=562, line 289: unreachable code after return statement
JavaScript warning: https://cdn-assets-ssl.gn100.com/assets_v2/js/common/common.js?ver=562, line 289: unreachable code after return statement
JavaScript warning: https://cdn-assets-ssl.gn100.com/assets_v2/js/jquery/jquery.so.js?ver=562, line 21: unreachable code after return statement
Unable to read VR Path Registry from C:\Users\Administrator\AppData\Local\openvr\openvrpaths.vrpath
[Child 11752, Chrome_ChildThread] WARNING: pipe error: 109: file z:/build/build/src/ipc/chromium/src/chrome/common/ipc_channel_win.cc, line 346

###!!! [Child][RunMessage] Error: Channel closing: too late to send/recv, messages will be lost


###!!! [Child][MessageChannel] Error: (msgtype=0x2C00AF,name=PContent::Msg_ScriptError) Channel closing: too late to send/recv, messages will be lost


###!!! [Child][RunMessage] Error: Channel closing: too late to send/recv, messages will be lost


###!!! [Child][MessageChannel] Error: (msgtype=0x2C00AF,name=PContent::Msg_ScriptError) Channel closing: too late to send/recv, messages will be lost


###!!! [Child][MessageChannel] Error: (msgtype=0x2C00AF,name=PContent::Msg_ScriptError) Channel closing: too late to send/recv, messages will be lost

[Child 10768, Chrome_ChildThread] WARNING: pipe error: 109: file z:/build/build/src/ipc/chromium/src/chrome/common/ipc_channel_win.cc, line 346
Unable to read VR Path Registry from C:\Users\Administrator\AppData\Local\openvr\openvrpaths.vrpath
[Child 8680, Chrome_ChildThread] WARNING: pipe error: 109: file z:/build/build/src/ipc/chromium/src/chrome/common/ipc_channel_win.cc, line 346
[Child 8680, Chrome_ChildThread] WARNING: pipe error: 109: file z:/build/build/src/ipc/chromium/src/chrome/common/ipc_channel_win.cc, line 346
*** UTM:SVC TimerManager:registerTimer called after profile-before-change notification. Ignoring timer registration for id: telemetry_modules_ping

###!!! [Child][MessageChannel::SendAndWait] Error: Channel error: cannot send/recv

Unable to read VR Path Registry from C:\Users\Administrator\AppData\Local\openvr\openvrpaths.vrpath
1521171996918	geckodriver::marionette	ERROR	Failed to stop browser process
1521172070999	geckodriver	INFO	geckodriver 0.20.0
1521172071008	geckodriver	INFO	Listening on 127.0.0.1:3484
1521172071537	mozrunner::runner	INFO	Running command: "C:\\Program Files\\Mozilla Firefox\\firefox.exe" "-marionette" "-profile" "C:\\Users\\Administrator\\AppData\\Local\\Temp\\rust_mozprofile.8iKaC6ox0Pa8"
1521172072198	Marionette	INFO	Enabled via --marionette
1521172074428	Marionette	INFO	Listening on port 3489
1521172074688	Marionette	WARN	TLS certificate errors will be ignored for this session
Unable to read VR Path Registry from C:\Users\Administrator\AppData\Local\openvr\openvrpaths.vrpath
JavaScript warning: https://cdn-assets-ssl.gn100.com/assets_v2/js/common/common.js?ver=562, line 289: unreachable code after return statement
JavaScript warning: https://cdn-assets-ssl.gn100.com/assets_v2/js/common/common.js?ver=562, line 289: unreachable code after return statement
JavaScript warning: https://cdn-assets-ssl.gn100.com/assets_v2/js/jquery/jquery.so.js?ver=562, line 21: unreachable code after return statement
[Child 10324, Chrome_ChildThread] WARNING: pipe error: 109: file z:/build/build/src/ipc/chromium/src/chrome/common/ipc_channel_win.cc, line 346
[Child 10324, Chrome_ChildThread] WARNING: pipe error: 109: file z:/build/build/src/ipc/chromium/src/chrome/common/ipc_channel_win.cc, line 346
Unable to read VR Path Registry from C:\Users\Administrator\AppData\Local\openvr\openvrpaths.vrpath
[Child 9880, Chrome_ChildThread] WARNING: pipe error: 109: file z:/build/build/src/ipc/chromium/src/chrome/common/ipc_channel_win.cc, line 346
[Child 9880, Chrome_ChildThread] WARNING: pipe error: 109: file z:/build/build/src/ipc/chromium/src/chrome/common/ipc_channel_win.cc, line 346
*** UTM:SVC TimerManager:registerTimer called after profile-before-change notification. Ignoring timer registration for id: telemetry_modules_ping
Unable to read VR Path Registry from C:\Users\Administrator\AppData\Local\openvr\openvrpaths.vrpath
[GPU 9788, Chrome_ChildThread] WARNING: pipe error: 109: file z:/build/build/src/ipc/chromium/src/chrome/common/ipc_channel_win.cc, line 346

###!!! [Child][MessageChannel::SendAndWait] Error: Channel error: cannot send/recv

Unable to read VR Path Registry from C:\Users\Administrator\AppData\Local\openvr\openvrpaths.vrpath
1521172297278	geckodriver	INFO	geckodriver 0.20.0
1521172297286	geckodriver	INFO	Listening on 127.0.0.1:3587
1521172297823	mozrunner::runner	INFO	Running command: "C:\\Program Files\\Mozilla Firefox\\firefox.exe" "-marionette" "-profile" "C:\\Users\\Administrator\\AppData\\Local\\Temp\\rust_mozprofile.iq3jhkEt5Zgr"
1521172298504	Marionette	INFO	Enabled via --marionette
1521172301094	Marionette	INFO	Listening on port 3592
1521172302038	Marionette	WARN	TLS certificate errors will be ignored for this session
Unable to read VR Path Registry from C:\Users\Administrator\AppData\Local\openvr\openvrpaths.vrpath
JavaScript warning: https://cdn-assets-ssl.gn100.com/assets_v2/js/common/common.js?ver=562, line 289: unreachable code after return statement
JavaScript warning: https://cdn-assets-ssl.gn100.com/assets_v2/js/common/common.js?ver=562, line 289: unreachable code after return statement
JavaScript warning: https://cdn-assets-ssl.gn100.com/assets_v2/js/jquery/jquery.so.js?ver=562, line 21: unreachable code after return statement
JavaScript warning: https://cdn-assets-ssl.gn100.com/assets_v2/js/common/common.js?ver=562, line 289: unreachable code after return statement
JavaScript warning: https://cdn-assets-ssl.gn100.com/assets_v2/js/jquery/jquery.so.js?ver=562, line 21: unreachable code after return statement
Unable to read VR Path Registry from C:\Users\Administrator\AppData\Local\openvr\openvrpaths.vrpath
[Parent 164, Gecko_IOThread] WARNING: pipe error: 109: file z:/build/build/src/ipc/chromium/src/chrome/common/ipc_channel_win.cc, line 346
Unable to read VR Path Registry from C:\Users\Administrator\AppData\Local\openvr\openvrpaths.vrpath
[Child 10500, Chrome_ChildThread] WARNING: pipe error: 109: file z:/build/build/src/ipc/chromium/src/chrome/common/ipc_channel_win.cc, line 346
[Child 10500, Chrome_ChildThread] WARNING: pipe error: 109: file z:/build/build/src/ipc/chromium/src/chrome/common/ipc_channel_win.cc, line 346
[Child 11800, Chrome_ChildThread] WARNING: pipe error: 109: file z:/build/build/src/ipc/chromium/src/chrome/common/ipc_channel_win.cc, line 346
[Child 11800, Chrome_ChildThread] WARNING: pipe error: 109: file z:/build/build/src/ipc/chromium/src/chrome/common/ipc_channel_win.cc, line 346
[Parent 164, Gecko_IOThread] WARNING: pipe error: 109: file z:/build/build/src/ipc/chromium/src/chrome/common/ipc_channel_win.cc, line 346
*** UTM:SVC TimerManager:registerTimer called after profile-before-change notification. Ignoring timer registration for id: telemetry_modules_ping

###!!! [Child][MessageChannel::SendAndWait] Error: Channel error: cannot send/recv

1521172309075	geckodriver::marionette	ERROR	Failed to stop browser process
1521172525207	geckodriver	INFO	geckodriver 0.20.0
1521172525215	geckodriver	INFO	Listening on 127.0.0.1:3703
1521172525770	mozrunner::runner	INFO	Running command: "C:\\Program Files\\Mozilla Firefox\\firefox.exe" "-marionette" "-profile" "C:\\Users\\Administrator\\AppData\\Local\\Temp\\rust_mozprofile.vkPf1UijfK1F"
1521172526490	Marionette	INFO	Enabled via --marionette
1521172528856	Marionette	INFO	Listening on port 3708
1521172529006	Marionette	WARN	TLS certificate errors will be ignored for this session
Unable to read VR Path Registry from C:\Users\Administrator\AppData\Local\openvr\openvrpaths.vrpath
JavaScript warning: https://cdn-assets-ssl.gn100.com/assets_v2/js/common/common.js?ver=562, line 289: unreachable code after return statement
JavaScript warning: https://cdn-assets-ssl.gn100.com/assets_v2/js/common/common.js?ver=562, line 289: unreachable code after return statement
JavaScript warning: https://cdn-assets-ssl.gn100.com/assets_v2/js/jquery/jquery.so.js?ver=562, line 21: unreachable code after return statement
JavaScript warning: https://cdn-assets-ssl.gn100.com/assets_v2/js/common/common.js?ver=562, line 289: unreachable code after return statement
JavaScript warning: https://cdn-assets-ssl.gn100.com/assets_v2/js/jquery/jquery.so.js?ver=562, line 21: unreachable code after return statement
Unable to read VR Path Registry from C:\Users\Administrator\AppData\Local\openvr\openvrpaths.vrpath
[Child 4288, Chrome_ChildThread] WARNING: pipe error: 109: file z:/build/build/src/ipc/chromium/src/chrome/common/ipc_channel_win.cc, line 346
[Child 4288, Chrome_ChildThread] WARNING: pipe error: 109: file z:/build/build/src/ipc/chromium/src/chrome/common/ipc_channel_win.cc, line 346
[Child 6444, Chrome_ChildThread] WARNING: pipe error: 109: file z:/build/build/src/ipc/chromium/src/chrome/common/ipc_channel_win.cc, line 346
*** UTM:SVC TimerManager:registerTimer called after profile-before-change notification. Ignoring timer registration for id: telemetry_modules_ping

###!!! [Child][MessageChannel::SendAndWait] Error: Channel error: cannot send/recv

Unable to read VR Path Registry from C:\Users\Administrator\AppData\Local\openvr\openvrpaths.vrpath
1521172536266	geckodriver::marionette	ERROR	Failed to stop browser process
1521172619343	geckodriver	INFO	geckodriver 0.20.0
1521172619351	geckodriver	INFO	Listening on 127.0.0.1:3795
1521172619905	mozrunner::runner	INFO	Running command: "C:\\Program Files\\Mozilla Firefox\\firefox.exe" "-marionette" "-profile" "C:\\Users\\Administrator\\AppData\\Local\\Temp\\rust_mozprofile.lE3p3tZMT8YN"
1521172620794	Marionette	INFO	Enabled via --marionette
1521172623106	Marionette	INFO	Listening on port 3801
1521172624120	Marionette	WARN	TLS certificate errors will be ignored for this session
Unable to read VR Path Registry from C:\Users\Administrator\AppData\Local\openvr\openvrpaths.vrpath
JavaScript warning: https://cdn-assets-ssl.gn100.com/assets_v2/js/common/common.js?ver=562, line 289: unreachable code after return statement
JavaScript warning: https://cdn-assets-ssl.gn100.com/assets_v2/js/common/common.js?ver=562, line 289: unreachable code after return statement
JavaScript warning: https://cdn-assets-ssl.gn100.com/assets_v2/js/jquery/jquery.so.js?ver=562, line 21: unreachable code after return statement
JavaScript warning: https://cdn-assets-ssl.gn100.com/assets_v2/js/common/common.js?ver=562, line 289: unreachable code after return statement
JavaScript warning: https://cdn-assets-ssl.gn100.com/assets_v2/js/jquery/jquery.so.js?ver=562, line 21: unreachable code after return statement
Unable to read VR Path Registry from C:\Users\Administrator\AppData\Local\openvr\openvrpaths.vrpath
[Child 10804, Chrome_ChildThread] WARNING: pipe error: 109: file z:/build/build/src/ipc/chromium/src/chrome/common/ipc_channel_win.cc, line 346
[Child 10804, Chrome_ChildThread] WARNING: pipe error: 109: file z:/build/build/src/ipc/chromium/src/chrome/common/ipc_channel_win.cc, line 346
Unable to read VR Path Registry from C:\Users\Administrator\AppData\Local\openvr\openvrpaths.vrpath
[Parent 1528, Gecko_IOThread] WARNING: pipe error: 109: file z:/build/build/src/ipc/chromium/src/chrome/common/ipc_channel_win.cc, line 346
[Child 6820, Chrome_ChildThread] WARNING: pipe error: 109: file z:/build/build/src/ipc/chromium/src/chrome/common/ipc_channel_win.cc, line 346
[Child 6820, Chrome_ChildThread] WARNING: pipe error: 109: file z:/build/build/src/ipc/chromium/src/chrome/common/ipc_channel_win.cc, line 346
*** UTM:SVC TimerManager:registerTimer called after profile-before-change notification. Ignoring timer registration for id: telemetry_modules_ping

###!!! [Child][MessageChannel::SendAndWait] Error: Channel error: cannot send/recv

1521172632097	geckodriver::marionette	ERROR	Failed to stop browser process
1521193354637	geckodriver	INFO	geckodriver 0.20.0
1521193354661	geckodriver	INFO	Listening on 127.0.0.1:1594
1521193354768	mozrunner::runner	INFO	Running command: "C:\\Program Files\\Mozilla Firefox\\firefox.exe" "-marionette" "-profile" "C:\\Users\\Administrator\\AppData\\Local\\Temp\\rust_mozprofile.wPrcLy5RwaAj"
1521193357604	Marionette	INFO	Enabled via --marionette
1521193363348	Marionette	INFO	Listening on port 1600
1521193363758	Marionette	WARN	TLS certificate errors will be ignored for this session
Unable to read VR Path Registry from C:\Users\Administrator\AppData\Local\openvr\openvrpaths.vrpath
JavaScript warning: https://cdn-assets-ssl.gn100.com/assets_v2/js/common/common.js?ver=562, line 289: unreachable code after return statement
JavaScript warning: https://cdn-assets-ssl.gn100.com/assets_v2/js/common/common.js?ver=562, line 289: unreachable code after return statement
JavaScript warning: https://cdn-assets-ssl.gn100.com/assets_v2/js/jquery/jquery.so.js?ver=562, line 21: unreachable code after return statement
JavaScript warning: https://cdn-assets-ssl.gn100.com/assets_v2/js/common/common.js?ver=562, line 289: unreachable code after return statement
JavaScript warning: https://cdn-assets-ssl.gn100.com/assets_v2/js/jquery/jquery.so.js?ver=562, line 21: unreachable code after return statement
JavaScript error: resource:///modules/ContentMetaHandler.jsm, line 156: NS_ERROR_ILLEGAL_VALUE: Component returned failure code: 0x80070057 (NS_ERROR_ILLEGAL_VALUE) [nsIMessageSender.sendAsyncMessage]
Unable to read VR Path Registry from C:\Users\Administrator\AppData\Local\openvr\openvrpaths.vrpath
[Child 8356, Chrome_ChildThread] WARNING: pipe error: 109: file z:/build/build/src/ipc/chromium/src/chrome/common/ipc_channel_win.cc, line 346
[Child 8356, Chrome_ChildThread] WARNING: pipe error: 109: file z:/build/build/src/ipc/chromium/src/chrome/common/ipc_channel_win.cc, line 346
Unable to read VR Path Registry from C:\Users\Administrator\AppData\Local\openvr\openvrpaths.vrpath
[Parent 7548, Gecko_IOThread] WARNING: pipe error: 109: file z:/build/build/src/ipc/chromium/src/chrome/common/ipc_channel_win.cc, line 346
[Child 3180, Chrome_ChildThread] WARNING: pipe error: 109: file z:/build/build/src/ipc/chromium/src/chrome/common/ipc_channel_win.cc, line 346
[Child 3180, Chrome_ChildThread] WARNING: pipe error: 109: file z:/build/build/src/ipc/chromium/src/chrome/common/ipc_channel_win.cc, line 346
Unable to read VR Path Registry from C:\Users\Administrator\AppData\Local\openvr\openvrpaths.vrpath
[Child 11548, Chrome_ChildThread] WARNING: pipe error: 109: file z:/build/build/src/ipc/chromium/src/chrome/common/ipc_channel_win.cc, line 346
[Child 11548, Chrome_ChildThread] WARNING: pipe error: 109: file z:/build/build/src/ipc/chromium/src/chrome/common/ipc_channel_win.cc, line 346
*** UTM:SVC TimerManager:registerTimer called after profile-before-change notification. Ignoring timer registration for id: telemetry_modules_ping

###!!! [Child][MessageChannel::SendAndWait] Error: Channel error: cannot send/recv

1521193373141	geckodriver::marionette	ERROR	Failed to stop browser process
